[2023-02-04 19:58:55] local.ERROR: Call to a member function format() on int {"userId":1,"exception":"[object] (Error(code: 0): Call to a member function format() on int at F:\\WebServer\\domains\\ytuber-nuxt-laravel\\api.ytuber.local\\app\\Http\\Controllers\\YoutubeViewClientController.php:16)
[stacktrace]
#0 F:\\WebServer\\domains\\ytuber-nuxt-laravel\\api.ytuber.local\\vendor\\laravel\\framework\\src\\Illuminate\\Routing\\Controller.php(54): App\\Http\\Controllers\\YoutubeViewClientController->complete()
#1 F:\\WebServer\\domains\\ytuber-nuxt-laravel\\api.ytuber.local\\vendor\\laravel\\framework\\src\\Illuminate\\Routing\\ControllerDispatcher.php(45): Illuminate\\Routing\\Controller->callAction()
#2 F:\\WebServer\\domains\\ytuber-nuxt-laravel\\api.ytuber.local\\vendor\\laravel\\framework\\src\\Illuminate\\Routing\\Route.php(262): Illuminate\\Routing\\ControllerDispatcher->dispatch()
#3 F:\\WebServer\\domains\\ytuber-nuxt-laravel\\api.ytuber.local\\vendor\\laravel\\framework\\src\\Illuminate\\Routing\\Route.php(205): Illuminate\\Routing\\Route->runController()
#4 F:\\WebServer\\domains\\ytuber-nuxt-laravel\\api.ytuber.local\\vendor\\laravel\\framework\\src\\Illuminate\\Routing\\Router.php(721): Illuminate\\Routing\\Route->run()
#5 F:\\WebServer\\domains\\ytuber-nuxt-laravel\\api.ytuber.local\\vendor\\laravel\\framework\\src\\Illuminate\\Pipeline\\Pipeline.php(128): Illuminate\\Routing\\Router->Illuminate\\Routing\\{closure}()
#6 F:\\WebServer\\domains\\ytuber-nuxt-laravel\\api.ytuber.local\\vendor\\laravel\\framework\\src\\Illuminate\\Routing\\Middleware\\SubstituteBindings.php(50): Illuminate\\Pipeline\\Pipeline->Illuminate\\Pipeline\\{closure}()
#7 F:\\WebServer\\domains\\ytuber-nuxt-laravel\\api.ytuber.local\\vendor\\laravel\\framework\\src\\Illuminate\\Pipeline\\Pipeline.php(167): Illuminate\\Routing\\Middleware\\SubstituteBindings->handle()
#8 F:\\WebServer\\domains\\ytuber-nuxt-laravel\\api.ytuber.local\\vendor\\laravel\\framework\\src\\Illuminate\\Routing\\Middleware\\ThrottleRequests.php(127): Illuminate\\Pipeline\\Pipeline->Illuminate\\Pipeline\\{closure}()
#9 F:\\WebServer\\domains\\ytuber-nuxt-laravel\\api.ytuber.local\\vendor\\laravel\\framework\\src\\Illuminate\\Routing\\Middleware\\ThrottleRequests.php(103): Illuminate\\Routing\\Middleware\\ThrottleRequests->handleRequest()
#10 F:\\WebServer\\domains\\ytuber-nuxt-laravel\\api.ytuber.local\\vendor\\laravel\\framework\\src\\Illuminate\\Routing\\Middleware\\ThrottleRequests.php(55): Illuminate\\Routing\\Middleware\\ThrottleRequests->handleRequestUsingNamedLimiter()
#11 F:\\WebServer\\domains\\ytuber-nuxt-laravel\\api.ytuber.local\\vendor\\laravel\\framework\\src\\Illuminate\\Pipeline\\Pipeline.php(167): Illuminate\\Routing\\Middleware\\ThrottleRequests->handle()
#12 F:\\WebServer\\domains\\ytuber-nuxt-laravel\\api.ytuber.local\\vendor\\laravel\\framework\\src\\Illuminate\\Auth\\Middleware\\Authenticate.php(44): Illuminate\\Pipeline\\Pipeline->Illuminate\\Pipeline\\{closure}()
#13 F:\\WebServer\\domains\\ytuber-nuxt-laravel\\api.ytuber.local\\vendor\\laravel\\framework\\src\\Illuminate\\Pipeline\\Pipeline.php(167): Illuminate\\Auth\\Middleware\\Authenticate->handle()
#14 F:\\WebServer\\domains\\ytuber-nuxt-laravel\\api.ytuber.local\\vendor\\laravel\\framework\\src\\Illuminate\\Session\\Middleware\\StartSession.php(121): Illuminate\\Pipeline\\Pipeline->Illuminate\\Pipeline\\{closure}()
#15 F:\\WebServer\\domains\\ytuber-nuxt-laravel\\api.ytuber.local\\vendor\\laravel\\framework\\src\\Illuminate\\Session\\Middleware\\StartSession.php(64): Illuminate\\Session\\Middleware\\StartSession->handleStatefulRequest()
#16 F:\\WebServer\\domains\\ytuber-nuxt-laravel\\api.ytuber.local\\vendor\\laravel\\framework\\src\\Illuminate\\Pipeline\\Pipeline.php(167): Illuminate\\Session\\Middleware\\StartSession->handle()
#17 F:\\WebServer\\domains\\ytuber-nuxt-laravel\\api.ytuber.local\\vendor\\laravel\\sanctum\\src\\Http\\Middleware\\EnsureFrontendRequestsAreStateful.php(33): Illuminate\\Pipeline\\Pipeline->Illuminate\\Pipeline\\{closure}()
#18 F:\\WebServer\\domains\\ytuber-nuxt-laravel\\api.ytuber.local\\vendor\\laravel\\framework\\src\\Illuminate\\Pipeline\\Pipeline.php(128): Laravel\\Sanctum\\Http\\Middleware\\EnsureFrontendRequestsAreStateful->Laravel\\Sanctum\\Http\\Middleware\\{closure}()
#19 F:\\WebServer\\domains\\ytuber-nuxt-laravel\\api.ytuber.local\\vendor\\laravel\\framework\\src\\Illuminate\\Foundation\\Http\\Middleware\\VerifyCsrfToken.php(78): Illuminate\\Pipeline\\Pipeline->Illuminate\\Pipeline\\{closure}()
#20 F:\\WebServer\\domains\\ytuber-nuxt-laravel\\api.ytuber.local\\vendor\\laravel\\framework\\src\\Illuminate\\Pipeline\\Pipeline.php(167): Illuminate\\Foundation\\Http\\Middleware\\VerifyCsrfToken->handle()
#21 F:\\WebServer\\domains\\ytuber-nuxt-laravel\\api.ytuber.local\\vendor\\laravel\\framework\\src\\Illuminate\\Session\\Middleware\\StartSession.php(121): Illuminate\\Pipeline\\Pipeline->Illuminate\\Pipeline\\{closure}()
#22 F:\\WebServer\\domains\\ytuber-nuxt-laravel\\api.ytuber.local\\vendor\\laravel\\framework\\src\\Illuminate\\Session\\Middleware\\StartSession.php(64): Illuminate\\Session\\Middleware\\StartSession->handleStatefulRequest()
#23 F:\\WebServer\\domains\\ytuber-nuxt-laravel\\api.ytuber.local\\vendor\\laravel\\framework\\src\\Illuminate\\Pipeline\\Pipeline.php(167): Illuminate\\Session\\Middleware\\StartSession->handle()
#24 F:\\WebServer\\domains\\ytuber-nuxt-laravel\\api.ytuber.local\\vendor\\laravel\\framework\\src\\Illuminate\\Cookie\\Middleware\\AddQueuedCookiesToResponse.php(37): Illuminate\\Pipeline\\Pipeline->Illuminate\\Pipeline\\{closure}()
#25 F:\\WebServer\\domains\\ytuber-nuxt-laravel\\api.ytuber.local\\vendor\\laravel\\framework\\src\\Illuminate\\Pipeline\\Pipeline.php(167): Illuminate\\Cookie\\Middleware\\AddQueuedCookiesToResponse->handle()
#26 F:\\WebServer\\domains\\ytuber-nuxt-laravel\\api.ytuber.local\\vendor\\laravel\\framework\\src\\Illuminate\\Cookie\\Middleware\\EncryptCookies.php(67): Illuminate\\Pipeline\\Pipeline->Illuminate\\Pipeline\\{closure}()
#27 F:\\WebServer\\domains\\ytuber-nuxt-laravel\\api.ytuber.local\\vendor\\laravel\\framework\\src\\Illuminate\\Pipeline\\Pipeline.php(167): Illuminate\\Cookie\\Middleware\\EncryptCookies->handle()
#28 F:\\WebServer\\domains\\ytuber-nuxt-laravel\\api.ytuber.local\\vendor\\laravel\\sanctum\\src\\Http\\Middleware\\EnsureFrontendRequestsAreStateful.php(26): Illuminate\\Pipeline\\Pipeline->Illuminate\\Pipeline\\{closure}()
#29 F:\\WebServer\\domains\\ytuber-nuxt-laravel\\api.ytuber.local\\vendor\\laravel\\framework\\src\\Illuminate\\Pipeline\\Pipeline.php(149): Laravel\\Sanctum\\Http\\Middleware\\EnsureFrontendRequestsAreStateful->Laravel\\Sanctum\\Http\\Middleware\\{closure}()
#30 F:\\WebServer\\domains\\ytuber-nuxt-laravel\\api.ytuber.local\\vendor\\laravel\\framework\\src\\Illuminate\\Pipeline\\Pipeline.php(103): Illuminate\\Pipeline\\Pipeline->Illuminate\\Pipeline\\{closure}()
#31 F:\\WebServer\\domains\\ytuber-nuxt-laravel\\api.ytuber.local\\vendor\\laravel\\sanctum\\src\\Http\\Middleware\\EnsureFrontendRequestsAreStateful.php(34): Illuminate\\Pipeline\\Pipeline->then()
#32 F:\\WebServer\\domains\\ytuber-nuxt-laravel\\api.ytuber.local\\vendor\\laravel\\framework\\src\\Illuminate\\Pipeline\\Pipeline.php(167): Laravel\\Sanctum\\Http\\Middleware\\EnsureFrontendRequestsAreStateful->handle()
#33 F:\\WebServer\\domains\\ytuber-nuxt-laravel\\api.ytuber.local\\vendor\\laravel\\framework\\src\\Illuminate\\Pipeline\\Pipeline.php(103): Illuminate\\Pipeline\\Pipeline->Illuminate\\Pipeline\\{closure}()
#34 F:\\WebServer\\domains\\ytuber-nuxt-laravel\\api.ytuber.local\\vendor\\laravel\\framework\\src\\Illuminate\\Routing\\Router.php(723): Illuminate\\Pipeline\\Pipeline->then()
#35 F:\\WebServer\\domains\\ytuber-nuxt-laravel\\api.ytuber.local\\vendor\\laravel\\framework\\src\\Illuminate\\Routing\\Router.php(698): Illuminate\\Routing\\Router->runRouteWithinStack()
#36 F:\\WebServer\\domains\\ytuber-nuxt-laravel\\api.ytuber.local\\vendor\\laravel\\framework\\src\\Illuminate\\Routing\\Router.php(662): Illuminate\\Routing\\Router->runRoute()
#37 F:\\WebServer\\domains\\ytuber-nuxt-laravel\\api.ytuber.local\\vendor\\laravel\\framework\\src\\Illuminate\\Routing\\Router.php(651): Illuminate\\Routing\\Router->dispatchToRoute()
#38 F:\\WebServer\\domains\\ytuber-nuxt-laravel\\api.ytuber.local\\vendor\\laravel\\framework\\src\\Illuminate\\Foundation\\Http\\Kernel.php(167): Illuminate\\Routing\\Router->dispatch()
#39 F:\\WebServer\\domains\\ytuber-nuxt-laravel\\api.ytuber.local\\vendor\\laravel\\framework\\src\\Illuminate\\Pipeline\\Pipeline.php(128): Illuminate\\Foundation\\Http\\Kernel->Illuminate\\Foundation\\Http\\{closure}()
#40 F:\\WebServer\\domains\\ytuber-nuxt-laravel\\api.ytuber.local\\vendor\\laravel\\nova\\src\\Http\\Middleware\\ServeNova.php(24): Illuminate\\Pipeline\\Pipeline->Illuminate\\Pipeline\\{closure}()
#41 F:\\WebServer\\domains\\ytuber-nuxt-laravel\\api.ytuber.local\\vendor\\laravel\\framework\\src\\Illuminate\\Pipeline\\Pipeline.php(167): Laravel\\Nova\\Http\\Middleware\\ServeNova->handle()
#42 F:\\WebServer\\domains\\ytuber-nuxt-laravel\\api.ytuber.local\\vendor\\fruitcake\\laravel-cors\\src\\HandleCors.php(52): Illuminate\\Pipeline\\Pipeline->Illuminate\\Pipeline\\{closure}()
#43 F:\\WebServer\\domains\\ytuber-nuxt-laravel\\api.ytuber.local\\vendor\\laravel\\framework\\src\\Illuminate\\Pipeline\\Pipeline.php(167): Fruitcake\\Cors\\HandleCors->handle()
#44 F:\\WebServer\\domains\\ytuber-nuxt-laravel\\api.ytuber.local\\vendor\\laravel\\framework\\src\\Illuminate\\Foundation\\Http\\Middleware\\TransformsRequest.php(21): Illuminate\\Pipeline\\Pipeline->Illuminate\\Pipeline\\{closure}()
#45 F:\\WebServer\\domains\\ytuber-nuxt-laravel\\api.ytuber.local\\vendor\\laravel\\framework\\src\\Illuminate\\Foundation\\Http\\Middleware\\ConvertEmptyStringsToNull.php(31): Illuminate\\Foundation\\Http\\Middleware\\TransformsRequest->handle()
#46 F:\\WebServer\\domains\\ytuber-nuxt-laravel\\api.ytuber.local\\vendor\\laravel\\framework\\src\\Illuminate\\Pipeline\\Pipeline.php(167): Illuminate\\Foundation\\Http\\Middleware\\ConvertEmptyStringsToNull->handle()
#47 F:\\WebServer\\domains\\ytuber-nuxt-laravel\\api.ytuber.local\\vendor\\laravel\\framework\\src\\Illuminate\\Foundation\\Http\\Middleware\\TransformsRequest.php(21): Illuminate\\Pipeline\\Pipeline->Illuminate\\Pipeline\\{closure}()
#48 F:\\WebServer\\domains\\ytuber-nuxt-laravel\\api.ytuber.local\\vendor\\laravel\\framework\\src\\Illuminate\\Foundation\\Http\\Middleware\\TrimStrings.php(40): Illuminate\\Foundation\\Http\\Middleware\\TransformsRequest->handle()
#49 F:\\WebServer\\domains\\ytuber-nuxt-laravel\\api.ytuber.local\\vendor\\laravel\\framework\\src\\Illuminate\\Pipeline\\Pipeline.php(167): Illuminate\\Foundation\\Http\\Middleware\\TrimStrings->handle()
#50 F:\\WebServer\\domains\\ytuber-nuxt-laravel\\api.ytuber.local\\vendor\\laravel\\framework\\src\\Illuminate\\Foundation\\Http\\Middleware\\ValidatePostSize.php(27): Illuminate\\Pipeline\\Pipeline->Illuminate\\Pipeline\\{closure}()
#51 F:\\WebServer\\domains\\ytuber-nuxt-laravel\\api.ytuber.local\\vendor\\laravel\\framework\\src\\Illuminate\\Pipeline\\Pipeline.php(167): Illuminate\\Foundation\\Http\\Middleware\\ValidatePostSize->handle()
#52 F:\\WebServer\\domains\\ytuber-nuxt-laravel\\api.ytuber.local\\vendor\\laravel\\framework\\src\\Illuminate\\Foundation\\Http\\Middleware\\PreventRequestsDuringMaintenance.php(86): Illuminate\\Pipeline\\Pipeline->Illuminate\\Pipeline\\{closure}()
#53 F:\\WebServer\\domains\\ytuber-nuxt-laravel\\api.ytuber.local\\vendor\\laravel\\framework\\src\\Illuminate\\Pipeline\\Pipeline.php(167): Illuminate\\Foundation\\Http\\Middleware\\PreventRequestsDuringMaintenance->handle()
#54 F:\\WebServer\\domains\\ytuber-nuxt-laravel\\api.ytuber.local\\vendor\\fruitcake\\laravel-cors\\src\\HandleCors.php(52): Illuminate\\Pipeline\\Pipeline->Illuminate\\Pipeline\\{closure}()
#55 F:\\WebServer\\domains\\ytuber-nuxt-laravel\\api.ytuber.local\\vendor\\laravel\\framework\\src\\Illuminate\\Pipeline\\Pipeline.php(167): Fruitcake\\Cors\\HandleCors->handle()
#56 F:\\WebServer\\domains\\ytuber-nuxt-laravel\\api.ytuber.local\\vendor\\fideloper\\proxy\\src\\TrustProxies.php(57): Illuminate\\Pipeline\\Pipeline->Illuminate\\Pipeline\\{closure}()
#57 F:\\WebServer\\domains\\ytuber-nuxt-laravel\\api.ytuber.local\\vendor\\laravel\\framework\\src\\Illuminate\\Pipeline\\Pipeline.php(167): Fideloper\\Proxy\\TrustProxies->handle()
#58 F:\\WebServer\\domains\\ytuber-nuxt-laravel\\api.ytuber.local\\vendor\\laravel\\framework\\src\\Illuminate\\Pipeline\\Pipeline.php(103): Illuminate\\Pipeline\\Pipeline->Illuminate\\Pipeline\\{closure}()
#59 F:\\WebServer\\domains\\ytuber-nuxt-laravel\\api.ytuber.local\\vendor\\laravel\\framework\\src\\Illuminate\\Foundation\\Http\\Kernel.php(142): Illuminate\\Pipeline\\Pipeline->then()
#60 F:\\WebServer\\domains\\ytuber-nuxt-laravel\\api.ytuber.local\\vendor\\laravel\\framework\\src\\Illuminate\\Foundation\\Http\\Kernel.php(111): Illuminate\\Foundation\\Http\\Kernel->sendRequestThroughRouter()
#61 F:\\WebServer\\domains\\ytuber-nuxt-laravel\\api.ytuber.local\\public\\index.php(52): Illuminate\\Foundation\\Http\\Kernel->handle()
#62 {main}
"} 
